1579675567.593302 client started (17272): version 2.9a, socket /tmp/tmux-1000/default, protocol 8
1579675567.593332 on Linux 5.3.0-26-generic #28-Ubuntu SMP Wed Dec 18 05:37:46 UTC 2019; libevent 2.1.8-stable (poll)
1579675567.593353 socket is /tmp/tmux-1000/default
1579675567.593367 trying connect
1579675567.593441 add peer 0x55978fcd9bd0: 6 ((nil))
1579675567.593510 sending message 100 to peer 0x55978fcd9bd0 (4 bytes)
1579675567.593518 sending message 101 to peer 0x55978fcd9bd0 (16 bytes)
1579675567.593523 sending message 102 to peer 0x55978fcd9bd0 (11 bytes)
1579675567.593528 sending message 108 to peer 0x55978fcd9bd0 (27 bytes)
1579675567.593534 sending message 104 to peer 0x55978fcd9bd0 (0 bytes)
1579675567.593539 sending message 107 to peer 0x55978fcd9bd0 (4 bytes)
1579675567.593544 sending message 105 to peer 0x55978fcd9bd0 (23 bytes)
1579675567.593548 sending message 105 to peer 0x55978fcd9bd0 (20 bytes)
1579675567.593553 sending message 105 to peer 0x55978fcd9bd0 (54 bytes)
1579675567.593558 sending message 105 to peer 0x55978fcd9bd0 (51 bytes)
1579675567.593563 sending message 105 to peer 0x55978fcd9bd0 (23 bytes)
1579675567.593567 sending message 105 to peer 0x55978fcd9bd0 (11 bytes)
1579675567.593572 sending message 105 to peer 0x55978fcd9bd0 (11 bytes)
1579675567.593579 sending message 105 to peer 0x55978fcd9bd0 (18 bytes)
1579675567.593584 sending message 105 to peer 0x55978fcd9bd0 (24 bytes)
1579675567.593588 sending message 105 to peer 0x55978fcd9bd0 (33 bytes)
1579675567.593593 sending message 105 to peer 0x55978fcd9bd0 (44 bytes)
1579675567.593597 sending message 105 to peer 0x55978fcd9bd0 (32 bytes)
1579675567.593601 sending message 105 to peer 0x55978fcd9bd0 (86 bytes)
1579675567.593606 sending message 105 to peer 0x55978fcd9bd0 (30 bytes)
1579675567.593610 sending message 105 to peer 0x55978fcd9bd0 (29 bytes)
1579675567.593615 sending message 105 to peer 0x55978fcd9bd0 (19 bytes)
1579675567.593619 sending message 105 to peer 0x55978fcd9bd0 (52 bytes)
1579675567.593624 sending message 105 to peer 0x55978fcd9bd0 (19 bytes)
1579675567.593628 sending message 105 to peer 0x55978fcd9bd0 (28 bytes)
1579675567.593632 sending message 105 to peer 0x55978fcd9bd0 (23 bytes)
1579675567.593637 sending message 105 to peer 0x55978fcd9bd0 (55 bytes)
1579675567.593641 sending message 105 to peer 0x55978fcd9bd0 (18 bytes)
1579675567.593648 sending message 105 to peer 0x55978fcd9bd0 (47 bytes)
1579675567.593652 sending message 105 to peer 0x55978fcd9bd0 (44 bytes)
1579675567.593657 sending message 105 to peer 0x55978fcd9bd0 (104 bytes)
1579675567.593661 sending message 105 to peer 0x55978fcd9bd0 (23 bytes)
1579675567.593666 sending message 105 to peer 0x55978fcd9bd0 (64 bytes)
1579675567.593670 sending message 105 to peer 0x55978fcd9bd0 (17 bytes)
1579675567.593675 sending message 105 to peer 0x55978fcd9bd0 (23 bytes)
1579675567.593679 sending message 105 to peer 0x55978fcd9bd0 (30 bytes)
1579675567.593683 sending message 105 to peer 0x55978fcd9bd0 (27 bytes)
1579675567.593688 sending message 105 to peer 0x55978fcd9bd0 (24 bytes)
1579675567.593692 sending message 105 to peer 0x55978fcd9bd0 (20 bytes)
1579675567.593697 sending message 105 to peer 0x55978fcd9bd0 (23 bytes)
1579675567.593701 sending message 105 to peer 0x55978fcd9bd0 (21 bytes)
1579675567.593705 sending message 105 to peer 0x55978fcd9bd0 (25 bytes)
1579675567.593710 sending message 105 to peer 0x55978fcd9bd0 (20 bytes)
1579675567.593725 sending message 105 to peer 0x55978fcd9bd0 (8 bytes)
1579675567.593730 sending message 105 to peer 0x55978fcd9bd0 (20 bytes)
1579675567.593735 sending message 105 to peer 0x55978fcd9bd0 (32 bytes)
1579675567.593740 sending message 105 to peer 0x55978fcd9bd0 (1506 bytes)
1579675567.593745 sending message 105 to peer 0x55978fcd9bd0 (16 bytes)
1579675567.593750 sending message 105 to peer 0x55978fcd9bd0 (54 bytes)
1579675567.593755 sending message 105 to peer 0x55978fcd9bd0 (25 bytes)
1579675567.593759 sending message 105 to peer 0x55978fcd9bd0 (11 bytes)
1579675567.593764 sending message 105 to peer 0x55978fcd9bd0 (450 bytes)
1579675567.593776 sending message 105 to peer 0x55978fcd9bd0 (31 bytes)
1579675567.593781 sending message 105 to peer 0x55978fcd9bd0 (19 bytes)
1579675567.593785 sending message 105 to peer 0x55978fcd9bd0 (18 bytes)
1579675567.593790 sending message 105 to peer 0x55978fcd9bd0 (46 bytes)
1579675567.593795 sending message 105 to peer 0x55978fcd9bd0 (59 bytes)
1579675567.593799 sending message 105 to peer 0x55978fcd9bd0 (37 bytes)
1579675567.593804 sending message 105 to peer 0x55978fcd9bd0 (24 bytes)
1579675567.593808 sending message 105 to peer 0x55978fcd9bd0 (25 bytes)
1579675567.593813 sending message 105 to peer 0x55978fcd9bd0 (92 bytes)
1579675567.593817 sending message 105 to peer 0x55978fcd9bd0 (19 bytes)
1579675567.593822 sending message 105 to peer 0x55978fcd9bd0 (8 bytes)
1579675567.593826 sending message 105 to peer 0x55978fcd9bd0 (19 bytes)
1579675567.593831 sending message 105 to peer 0x55978fcd9bd0 (41 bytes)
1579675567.593835 sending message 105 to peer 0x55978fcd9bd0 (14 bytes)
1579675567.593840 sending message 105 to peer 0x55978fcd9bd0 (21 bytes)
1579675567.593845 sending message 105 to peer 0x55978fcd9bd0 (36 bytes)
1579675567.593849 sending message 105 to peer 0x55978fcd9bd0 (13 bytes)
1579675567.593854 sending message 105 to peer 0x55978fcd9bd0 (58 bytes)
1579675567.593859 sending message 105 to peer 0x55978fcd9bd0 (17 bytes)
1579675567.593863 sending message 105 to peer 0x55978fcd9bd0 (21 bytes)
1579675567.593868 sending message 105 to peer 0x55978fcd9bd0 (28 bytes)
1579675567.593872 sending message 105 to peer 0x55978fcd9bd0 (17 bytes)
1579675567.593877 sending message 105 to peer 0x55978fcd9bd0 (17 bytes)
1579675567.593881 sending message 105 to peer 0x55978fcd9bd0 (13 bytes)
1579675567.593886 sending message 105 to peer 0x55978fcd9bd0 (41 bytes)
1579675567.593890 sending message 105 to peer 0x55978fcd9bd0 (45 bytes)
1579675567.593895 sending message 105 to peer 0x55978fcd9bd0 (33 bytes)
1579675567.593899 sending message 105 to peer 0x55978fcd9bd0 (85 bytes)
1579675567.593904 sending message 105 to peer 0x55978fcd9bd0 (23 bytes)
1579675567.593909 sending message 105 to peer 0x55978fcd9bd0 (31 bytes)
1579675567.593913 sending message 105 to peer 0x55978fcd9bd0 (23 bytes)
1579675567.593917 sending message 105 to peer 0x55978fcd9bd0 (27 bytes)
1579675567.593922 sending message 105 to peer 0x55978fcd9bd0 (21 bytes)
1579675567.593927 sending message 105 to peer 0x55978fcd9bd0 (20 bytes)
1579675567.593932 sending message 105 to peer 0x55978fcd9bd0 (33 bytes)
1579675567.593936 sending message 105 to peer 0x55978fcd9bd0 (16 bytes)
1579675567.593941 sending message 105 to peer 0x55978fcd9bd0 (96 bytes)
1579675567.593946 sending message 105 to peer 0x55978fcd9bd0 (41 bytes)
1579675567.593950 sending message 105 to peer 0x55978fcd9bd0 (39 bytes)
1579675567.593955 sending message 105 to peer 0x55978fcd9bd0 (88 bytes)
1579675567.593960 sending message 105 to peer 0x55978fcd9bd0 (58 bytes)
1579675567.593964 sending message 105 to peer 0x55978fcd9bd0 (31 bytes)
1579675567.593969 sending message 105 to peer 0x55978fcd9bd0 (16 bytes)
1579675567.593974 sending message 105 to peer 0x55978fcd9bd0 (16 bytes)
1579675567.593978 sending message 106 to peer 0x55978fcd9bd0 (0 bytes)
1579675567.593983 sending message 200 to peer 0x55978fcd9bd0 (4 bytes)
1579675567.593988 client loop enter
1579675567.594669 peer 0x55978fcd9bd0 message 211
1579675567.594682 client_write: sessions should be nested with care, unset $TMUX to force\n
1579675567.594696 peer 0x55978fcd9bd0 message 203
1579675567.594702 client loop exit
